<?xml version="1.0" encoding="UTF-8"?>
<!-- Generated by org.testng.reporters.JUnitXMLReporter -->
<testsuite hostname="Lenovo" ignored="0" name="Test" tests="1" failures="1" timestamp="19 Oct 2020 13:30:20 GMT" time="36.542" errors="0">
  <testcase name="feature" time="36.067" classname="cucumber.api.testng.AbstractTestNGCucumberTests">
    <failure type="cucumber.runtime.CucumberException" message="java.lang.AssertionError: null">
      <![CDATA[cucumber.runtime.CucumberException: java.lang.AssertionError: null
at cucumber.api.testng.TestNGCucumberRunner.runCucumber(TestNGCucumberRunner.java:69)
at cucumber.api.testng.AbstractTestNGCucumberTests.feature(AbstractTestNGCucumberTests.java:21)
Caused by: java.lang.AssertionError: null
at com.SwitchED.Generics.FileUtilities.verifyTextMessage(FileUtilities.java:130)
at com.SwitchED.PageObjects.HomePage.verifychildname(HomePage.java:49)
at StepDefinitions.Login.on_success_user_login_to_the_application(Login.java:81)
at âœ½.And On success User login to the application(Login.feature:9)
... Removed 31 stack frames]]>
    </failure>
  </testcase> <!-- feature -->
</testsuite> <!-- Test -->
